[26/12/2024, 14:43:23] GOGDL_CONFIG_PATH=/home/tom/.config/heroic/gogdlConfig /opt/Heroic/resources/app.asar.unpacked/build/bin/x64/linux/gogdl --auth-config-path /home/tom/.config/heroic/gog_store/auth.json auth
[26/12/2024, 14:43:24] GOGDL_CONFIG_PATH=/home/tom/.config/heroic/gogdlConfig /opt/Heroic/resources/app.asar.unpacked/build/bin/x64/linux/gogdl --auth-config-path /home/tom/.config/heroic/gog_store/auth.json --version
null
1.1.2
[26/12/2024, 14:45:58] GOGDL_CONFIG_PATH=/home/tom/.config/heroic/gogdlConfig /opt/Heroic/resources/app.asar.unpacked/build/bin/x64/linux/gogdl --auth-config-path /home/tom/.config/heroic/gog_store/auth.json auth --code <redacted>
{"access_token":"<redacted>","expires_in":3600,"token_type":"bearer","scope":"","session_id":"<redacted>","refresh_token":"<redacted>","user_id":"<redacted>","loginTime":1735224359.3465602}
[26/12/2024, 14:45:59] GOGDL_CONFIG_PATH=/home/tom/.config/heroic/gogdlConfig /opt/Heroic/resources/app.asar.unpacked/build/bin/x64/linux/gogdl --auth-config-path /home/tom/.config/heroic/gog_store/auth.json auth
{"access_token":"<redacted>","expires_in":3600,"token_type":"bearer","scope":"","session_id":"<redacted>","refresh_token":"<redacted>","user_id":"<redacted>","loginTime":1735224359.3465602}
[26/12/2024, 14:46:01] GOGDL_CONFIG_PATH=/home/tom/.config/heroic/gogdlConfig /opt/Heroic/resources/app.asar.unpacked/build/bin/x64/linux/gogdl --auth-config-path /home/tom/.config/heroic/gog_store/auth.json auth
{"access_token":"<redacted>","expires_in":3600,"token_type":"bearer","scope":"","session_id":"<redacted>","refresh_token":"<redacted>","user_id":"<redacted>","loginTime":1735224359.3465602}
[26/12/2024, 14:46:01] GOGDL_CONFIG_PATH=/home/tom/.config/heroic/gogdlConfig /opt/Heroic/resources/app.asar.unpacked/build/bin/x64/linux/gogdl --auth-config-path /home/tom/.config/heroic/gog_store/auth.json auth
{"access_token":"<redacted>","expires_in":3600,"token_type":"bearer","scope":"","session_id":"<redacted>","refresh_token":"<redacted>","user_id":"<redacted>","loginTime":1735224359.3465602}
[26/12/2024, 14:46:07] GOGDL_CONFIG_PATH=/home/tom/.config/heroic/gogdlConfig /opt/Heroic/resources/app.asar.unpacked/build/bin/x64/linux/gogdl --auth-config-path /home/tom/.config/heroic/gog_store/auth.json auth
{"access_token":"<redacted>","expires_in":3600,"token_type":"bearer","scope":"","session_id":"<redacted>","refresh_token":"<redacted>","user_id":"<redacted>","loginTime":1735224359.3465602}
[26/12/2024, 14:46:08] GOGDL_CONFIG_PATH=/home/tom/.config/heroic/gogdlConfig /opt/Heroic/resources/app.asar.unpacked/build/bin/x64/linux/gogdl --auth-config-path /home/tom/.config/heroic/gog_store/auth.json auth
{"access_token":"<redacted>","expires_in":3600,"token_type":"bearer","scope":"","session_id":"<redacted>","refresh_token":"<redacted>","user_id":"<redacted>","loginTime":1735224359.3465602}
[26/12/2024, 14:46:23] GOGDL_CONFIG_PATH=/home/tom/.config/heroic/gogdlConfig /opt/Heroic/resources/app.asar.unpacked/build/bin/x64/linux/gogdl --auth-config-path /home/tom/.config/heroic/gog_store/auth.json auth
{"access_token":"<redacted>","expires_in":3600,"token_type":"bearer","scope":"","session_id":"<redacted>","refresh_token":"<redacted>","user_id":"<redacted>","loginTime":1735224359.3465602}
[26/12/2024, 14:46:24] GOGDL_CONFIG_PATH=/home/tom/.config/heroic/gogdlConfig /opt/Heroic/resources/app.asar.unpacked/build/bin/x64/linux/gogdl --auth-config-path /home/tom/.config/heroic/gog_store/auth.json info 1448280389 --os windows
[GENERIC DOWNLOAD_MANAGER] INFO: Depot version: 1
[V1] INFO: Initialized V1 Download Manager
[API] INFO: Getting Dependencies repository
{"size": {"Polish": {"download_size": 3655554857, "disk_size": 3655554857}, "German": {"download_size": 3641814990, "disk_size": 3641814990}, "Russian": {"download_size": 3689935259, "disk_size": 3689935259}, "French": {"download_size": 3640165074, "disk_size": 3640165074}, "Italian": {"download_size": 3686818863, "disk_size": 3686818863}, "Czech": {"download_size": 3657086881, "disk_size": 3657086881}, "Spanish": {"download_size": 3660883427, "disk_size": 3660883427}, "*": {"download_size": 1289336, "disk_size": 1289336}, "English": {"download_size": 3653909328, "disk_size": 3653909328}}, "dlcs": [], "buildId": 55344364, "languages": ["Czech", "German", "Polish", "Russian", "French", "Italian", "Spanish", "English"], "folder_name": "The Moment of Silence", "dependencies": ["DirectX"], "versionEtag": "\"1216657018\"", "versionName": "", "available_branches": [null], "builds": {"total_count": 2, "count": 1, "items": [{"build_id": "48619748887668117", "product_id": "1448280389", "os": "windows", "branch": null, "version_name": "", "tags": [], "public": true, "date_published": "2015-12-01T14:50:30+0000", "generation": 1, "link": "https://gog-cdn-fastly.gog.com/content-system/v1/manifests/1448280389/windows/55344364/repository.json", "legacy_build_id": 55344364}], "has_private_branches": true}}
[26/12/2024, 14:46:49] GOGDL_CONFIG_PATH=/home/tom/.config/heroic/gogdlConfig /opt/Heroic/resources/app.asar.unpacked/build/bin/x64/linux/gogdl --auth-config-path /home/tom/.config/heroic/gog_store/auth.json auth
