Launching "The Dig®" (gog)
Native? Yes
Installed in: /home/tom/Games/Heroic/The Dig

System Info:
CPU: 4x Intel(R) Core(TM) i3-3227U CPU @ 1.90GHz
Memory: 3.98 GB (used: 887.28 MB)
GPUs:
  GPU 0:
    Name: Intel Corporation 3rd Gen Core processor Graphics Controller
    IDs: D=0166 V=8086 SD=90b8 SV=104d
    Driver: i915
OS: CachyOS Linux 6.12.6-1-cachyos (linux)

The current system is not a Steam Deck
We are not running inside a Flatpak container

Software Versions:
  Heroic: 2.15.2 Emeth
  Legendary: 0.20.36 Urban Flight (Heroic)
  gogdl: 1.1.2
  comet: comet 0.1.2

  Nile: 1.1.2 Will A. Zeppeli

Game Settings: {
	"autoInstallDxvk": true,
	"autoInstallDxvkNvapi": false,
	"autoInstallVkd3d": true,
	"preferSystemLibs": false,
	"enableEsync": true,
	"enableMsync": false,
	"enableFsync": true,
	"nvidiaPrime": false,
	"enviromentOptions": [],
	"wrapperOptions": [],
	"showFps": false,
	"showMangohud": true,
	"useGameMode": false,
	"battlEyeRuntime": true,
	"eacRuntime": true,
	"language": "",
	"beforeLaunchScriptPath": "",
	"afterLaunchScriptPath": "",
	"wineVersion": {
		"bin": "/usr/share/steam/compatibilitytools.d/proton-cachyos/proton",
		"name": "Proton - proton-cachyos",
		"type": "proton"
	},
	"winePrefix": "/home/tom/Games/Heroic/Prefixes/default"
}

Game launched at: Thu Dec 26 2024 15:15:29 GMT+0000 (Greenwich Mean Time)

Launch Command: HEROIC_APP_NAME=1425299904 HEROIC_APP_RUNNER=gog GAMEID=umu-0 HEROIC_APP_SOURCE=gog STORE=gog STEAM_COMPAT_INSTALL_PATH="/home/tom/Games/Heroic/The Dig" LD_PRELOAD= /opt/Heroic/resources/app.asar.unpacked/build/bin/x64/linux/gogdl launch "/home/tom/Games/Heroic/The Dig" 1425299904 --wrapper "/sbin/mangohud --dlsym" --platform linux

Game Log:
Running The Dig®
Starting ScummVM
Using configuration file: dig.ini
WARNING: SDL mixer output buffer size: 512 differs from desired: 1024!
WARNING: Language file is forced to be ignored!
User picked target 'dig' (gameid 'dig')...
  Looking for a plugin supporting this gameid... SCUMM [all games]
  Starting 'The Dig'
Done.
Launch command: ['/sbin/mangohud', '--dlsym', '/home/tom/Games/Heroic/The Dig/start.sh']
All processes exited
============= End of log =============