[GENERIC DOWNLOAD_MANAGER] INFO: Platform is Linux, redirecting download to Linux Native installer manager
[LINUX] INFO: Initialized Linux Download Manager
[API] INFO: Getting info from products endpoint for id: 1425299904
New/changed files 213
Deleted 0
Total files 213
(536.0824995040894, 'MB') 562123243
(728.0318307876587, 'MB') 763396705
[PROGRESS] INFO: = Progress: 0.00 0/759639055, Running for: 00:00:00, ETA: 00:00:00
[PROGRESS] INFO: = Downloaded: 0.00 MiB, Written: 0.00 MiB
[PROGRESS] INFO:  + Download	- 0.00 MiB/s (raw) / 0.00 MiB/s (decompressed)
[PROGRESS] INFO:  + Disk	- 0.00 MiB/s (write) / 0.00 MiB/s (read)
[PROGRESS] INFO: = Progress: 0.21 1561917/759639055, Running for: 00:00:01, ETA: 00:15:48
[PROGRESS] INFO: = Downloaded: 1.89 MiB, Written: 1.49 MiB
[PROGRESS] INFO:  + Download	- 0.87 MiB/s (raw) / 0.87 MiB/s (decompressed)
[PROGRESS] INFO:  + Disk	- 1.44 MiB/s (write) / 0.67 MiB/s (read)
[PROGRESS] INFO: = Progress: 0.21 1561917/759639055, Running for: 00:00:02, ETA: 00:23:54
[PROGRESS] INFO: = Downloaded: 3.35 MiB, Written: 1.49 MiB
[PROGRESS] INFO:  + Download	- 0.01 MiB/s (raw) / 0.01 MiB/s (decompressed)
[PROGRESS] INFO:  + Disk	- 0.00 MiB/s (write) / 0.00 MiB/s (read)
[PROGRESS] INFO: = Progress: 1.10 8366435/759639055, Running for: 00:00:04, ETA: 00:06:00
[PROGRESS] INFO: = Downloaded: 8.86 MiB, Written: 7.98 MiB
[PROGRESS] INFO:  + Download	- 14.36 MiB/s (raw) / 14.36 MiB/s (decompressed)
[PROGRESS] INFO:  + Disk	- 11.66 MiB/s (write) / 5.65 MiB/s (read)
[PROGRESS] INFO: = Progress: 1.91 14498343/759639055, Running for: 00:00:05, ETA: 00:04:20
[PROGRESS] INFO: = Downloaded: 16.34 MiB, Written: 13.83 MiB
[PROGRESS] INFO:  + Download	- 5.21 MiB/s (raw) / 5.21 MiB/s (decompressed)
[PROGRESS] INFO:  + Disk	- 5.43 MiB/s (write) / 1.98 MiB/s (read)
[PROGRESS] INFO: = Progress: 1.91 14498343/759639055, Running for: 00:00:06, ETA: 00:05:22
[PROGRESS] INFO: = Downloaded: 25.21 MiB, Written: 13.83 MiB
[PROGRESS] INFO:  + Download	- 2.47 MiB/s (raw) / 2.47 MiB/s (decompressed)
[PROGRESS] INFO:  + Disk	- 4.38 MiB/s (write) / 1.61 MiB/s (read)
[PROGRESS] INFO: = Progress: 5.39 40916121/759639055, Running for: 00:00:07, ETA: 00:02:12
[PROGRESS] INFO: = Downloaded: 28.72 MiB, Written: 39.02 MiB
[PROGRESS] INFO:  + Download	- 7.04 MiB/s (raw) / 7.04 MiB/s (decompressed)
[PROGRESS] INFO:  + Disk	- 18.22 MiB/s (write) / 7.43 MiB/s (read)
[PROGRESS] INFO: = Progress: 7.47 56768617/759639055, Running for: 00:00:08, ETA: 00:01:46
[PROGRESS] INFO: = Downloaded: 39.97 MiB, Written: 54.14 MiB
[PROGRESS] INFO:  + Download	- 5.76 MiB/s (raw) / 5.76 MiB/s (decompressed)
[PROGRESS] INFO:  + Disk	- 11.12 MiB/s (write) / 4.10 MiB/s (read)
[PROGRESS] INFO: = Progress: 8.24 62572134/759639055, Running for: 00:00:09, ETA: 00:01:47
[PROGRESS] INFO: = Downloaded: 40.70 MiB, Written: 59.67 MiB
[PROGRESS] INFO:  + Download	- 5.22 MiB/s (raw) / 5.22 MiB/s (decompressed)
[PROGRESS] INFO:  + Disk	- 10.02 MiB/s (write) / 2.09 MiB/s (read)
[PROGRESS] INFO: = Progress: 8.24 62572134/759639055, Running for: 00:00:10, ETA: 00:01:59
[PROGRESS] INFO: = Downloaded: 43.36 MiB, Written: 59.67 MiB
[PROGRESS] INFO:  + Download	- 5.59 MiB/s (raw) / 5.59 MiB/s (decompressed)
[PROGRESS] INFO:  + Disk	- 13.95 MiB/s (write) / 6.88 MiB/s (read)
[PROGRESS] INFO: = Progress: 8.24 62572134/759639055, Running for: 00:00:11, ETA: 00:02:11
[PROGRESS] INFO: = Downloaded: 45.84 MiB, Written: 59.67 MiB
[PROGRESS] INFO:  + Download	- 6.32 MiB/s (raw) / 6.32 MiB/s (decompressed)
[PROGRESS] INFO:  + Disk	- 12.07 MiB/s (write) / 4.70 MiB/s (read)
[PROGRESS] INFO: = Progress: 8.24 62572134/759639055, Running for: 00:00:13, ETA: 00:02:27
[PROGRESS] INFO: = Downloaded: 56.17 MiB, Written: 59.67 MiB
[PROGRESS] INFO:  + Download	- 1.34 MiB/s (raw) / 1.34 MiB/s (decompressed)
[PROGRESS] INFO:  + Disk	- 0.39 MiB/s (write) / 0.18 MiB/s (read)
[PROGRESS] INFO: = Progress: 8.24 62572134/759639055, Running for: 00:00:14, ETA: 00:02:38
[PROGRESS] INFO: = Downloaded: 58.31 MiB, Written: 59.67 MiB
[PROGRESS] INFO:  + Download	- 0.22 MiB/s (raw) / 0.22 MiB/s (decompressed)
[PROGRESS] INFO:  + Disk	- 0.00 MiB/s (write) / 0.00 MiB/s (read)
[PROGRESS] INFO: = Progress: 8.24 62572134/759639055, Running for: 00:00:15, ETA: 00:02:49
[PROGRESS] INFO: = Downloaded: 63.60 MiB, Written: 59.67 MiB
[PROGRESS] INFO:  + Download	- 0.50 MiB/s (raw) / 0.50 MiB/s (decompressed)
[PROGRESS] INFO:  + Disk	- 0.00 MiB/s (write) / 0.00 MiB/s (read)
[PROGRESS] INFO: = Progress: 8.24 62572134/759639055, Running for: 00:00:16, ETA: 00:03:00
[PROGRESS] INFO: = Downloaded: 65.14 MiB, Written: 59.67 MiB
[PROGRESS] INFO:  + Download	- 0.50 MiB/s (raw) / 0.50 MiB/s (decompressed)
[PROGRESS] INFO:  + Disk	- 0.00 MiB/s (write) / 0.00 MiB/s (read)
[PROGRESS] INFO: = Progress: 8.24 62572134/759639055, Running for: 00:00:17, ETA: 00:03:11
[PROGRESS] INFO: = Downloaded: 70.18 MiB, Written: 59.67 MiB
[PROGRESS] INFO:  + Download	- 0.13 MiB/s (raw) / 0.13 MiB/s (decompressed)
[PROGRESS] INFO:  + Disk	- 0.00 MiB/s (write) / 0.00 MiB/s (read)
[PROGRESS] INFO: = Progress: 8.24 62572134/759639055, Running for: 00:00:18, ETA: 00:03:23
[PROGRESS] INFO: = Downloaded: 71.92 MiB, Written: 59.67 MiB
[PROGRESS] INFO:  + Download	- 0.33 MiB/s (raw) / 0.33 MiB/s (decompressed)
[PROGRESS] INFO:  + Disk	- 0.00 MiB/s (write) / 0.00 MiB/s (read)
[PROGRESS] INFO: = Progress: 8.24 62572134/759639055, Running for: 00:00:19, ETA: 00:03:34
[PROGRESS] INFO: = Downloaded: 73.51 MiB, Written: 59.67 MiB
[PROGRESS] INFO:  + Download	- 0.50 MiB/s (raw) / 0.50 MiB/s (decompressed)
[PROGRESS] INFO:  + Disk	- 0.00 MiB/s (write) / 0.00 MiB/s (read)
[PROGRESS] INFO: = Progress: 8.24 62572134/759639055, Running for: 00:00:20, ETA: 00:03:45
[PROGRESS] INFO: = Downloaded: 77.96 MiB, Written: 59.67 MiB
[PROGRESS] INFO:  + Download	- 0.50 MiB/s (raw) / 0.50 MiB/s (decompressed)
[PROGRESS] INFO:  + Disk	- 0.00 MiB/s (write) / 0.00 MiB/s (read)
[PROGRESS] INFO: = Progress: 8.24 62572134/759639055, Running for: 00:00:21, ETA: 00:03:56
[PROGRESS] INFO: = Downloaded: 81.63 MiB, Written: 59.67 MiB
[PROGRESS] INFO:  + Download	- 0.50 MiB/s (raw) / 0.50 MiB/s (decompressed)
[PROGRESS] INFO:  + Disk	- 0.00 MiB/s (write) / 0.00 MiB/s (read)
[PROGRESS] INFO: = Progress: 11.96 90815898/759639055, Running for: 00:00:22, ETA: 00:02:43
[PROGRESS] INFO: = Downloaded: 111.71 MiB, Written: 86.61 MiB
[PROGRESS] INFO:  + Download	- 21.04 MiB/s (raw) / 21.04 MiB/s (decompressed)
[PROGRESS] INFO:  + Disk	- 67.20 MiB/s (write) / 21.68 MiB/s (read)
[PROGRESS] INFO: = Progress: 23.48 178367851/759639055, Running for: 00:00:23, ETA: 00:01:15
[PROGRESS] INFO: = Downloaded: 111.71 MiB, Written: 170.10 MiB
[PROGRESS] INFO:  + Download	- 35.19 MiB/s (raw) / 35.19 MiB/s (decompressed)
[PROGRESS] INFO:  + Disk	- 73.06 MiB/s (write) / 30.02 MiB/s (read)
[PROGRESS] INFO: = Progress: 24.61 186956372/759639055, Running for: 00:00:24, ETA: 00:01:14
[PROGRESS] INFO: = Downloaded: 111.71 MiB, Written: 178.30 MiB
[PROGRESS] INFO:  + Download	- 5.60 MiB/s (raw) / 5.60 MiB/s (decompressed)
[PROGRESS] INFO:  + Disk	- 13.15 MiB/s (write) / 4.40 MiB/s (read)
[PROGRESS] INFO: = Progress: 24.61 186956372/759639055, Running for: 00:00:25, ETA: 00:01:17
[PROGRESS] INFO: = Downloaded: 111.71 MiB, Written: 178.30 MiB
[PROGRESS] INFO:  + Download	- 5.54 MiB/s (raw) / 5.54 MiB/s (decompressed)
[PROGRESS] INFO:  + Disk	- 10.69 MiB/s (write) / 5.48 MiB/s (read)
[PROGRESS] INFO: = Progress: 24.61 186956372/759639055, Running for: 00:00:26, ETA: 00:01:21
[PROGRESS] INFO: = Downloaded: 111.71 MiB, Written: 178.30 MiB
[PROGRESS] INFO:  + Download	- 6.00 MiB/s (raw) / 6.00 MiB/s (decompressed)
[PROGRESS] INFO:  + Disk	- 8.98 MiB/s (write) / 3.67 MiB/s (read)
[PROGRESS] INFO: = Progress: 24.61 186956372/759639055, Running for: 00:00:27, ETA: 00:01:24
[PROGRESS] INFO: = Downloaded: 111.71 MiB, Written: 178.30 MiB
[PROGRESS] INFO:  + Download	- 4.88 MiB/s (raw) / 4.88 MiB/s (decompressed)
[PROGRESS] INFO:  + Disk	- 8.10 MiB/s (write) / 3.01 MiB/s (read)
[PROGRESS] INFO: = Progress: 24.61 186956372/759639055, Running for: 00:00:28, ETA: 00:01:28
[PROGRESS] INFO: = Downloaded: 111.71 MiB, Written: 178.30 MiB
[PROGRESS] INFO:  + Download	- 1.82 MiB/s (raw) / 1.82 MiB/s (decompressed)
[PROGRESS] INFO:  + Disk	- 1.97 MiB/s (write) / 0.68 MiB/s (read)
[PROGRESS] INFO: = Progress: 24.61 186956372/759639055, Running for: 00:00:29, ETA: 00:01:31
[PROGRESS] INFO: = Downloaded: 111.71 MiB, Written: 178.30 MiB
[PROGRESS] INFO:  + Download	- 0.50 MiB/s (raw) / 0.50 MiB/s (decompressed)
[PROGRESS] INFO:  + Disk	- 0.00 MiB/s (write) / 0.00 MiB/s (read)
[PROGRESS] INFO: = Progress: 24.61 186956372/759639055, Running for: 00:00:30, ETA: 00:01:34
[PROGRESS] INFO: = Downloaded: 111.71 MiB, Written: 178.30 MiB
[PROGRESS] INFO:  + Download	- 0.50 MiB/s (raw) / 0.50 MiB/s (decompressed)
[PROGRESS] INFO:  + Disk	- 0.00 MiB/s (write) / 0.00 MiB/s (read)
[PROGRESS] INFO: = Progress: 24.61 186956372/759639055, Running for: 00:00:31, ETA: 00:01:37
[PROGRESS] INFO: = Downloaded: 111.71 MiB, Written: 178.30 MiB
[PROGRESS] INFO:  + Download	- 0.50 MiB/s (raw) / 0.50 MiB/s (decompressed)
[PROGRESS] INFO:  + Disk	- 0.00 MiB/s (write) / 0.00 MiB/s (read)
[PROGRESS] INFO: = Progress: 24.61 186956372/759639055, Running for: 00:00:32, ETA: 00:01:40
[PROGRESS] INFO: = Downloaded: 131.71 MiB, Written: 178.30 MiB
[PROGRESS] INFO:  + Download	- 0.50 MiB/s (raw) / 0.50 MiB/s (decompressed)
[PROGRESS] INFO:  + Disk	- 0.00 MiB/s (write) / 0.00 MiB/s (read)
[PROGRESS] INFO: = Progress: 24.61 186956372/759639055, Running for: 00:00:33, ETA: 00:01:43
[PROGRESS] INFO: = Downloaded: 131.71 MiB, Written: 178.30 MiB
[PROGRESS] INFO:  + Download	- 0.50 MiB/s (raw) / 0.50 MiB/s (decompressed)
[PROGRESS] INFO:  + Disk	- 0.00 MiB/s (write) / 0.00 MiB/s (read)
[PROGRESS] INFO: = Progress: 24.61 186956372/759639055, Running for: 00:00:34, ETA: 00:01:46
[PROGRESS] INFO: = Downloaded: 131.71 MiB, Written: 178.30 MiB
[PROGRESS] INFO:  + Download	- 0.50 MiB/s (raw) / 0.50 MiB/s (decompressed)
[PROGRESS] INFO:  + Disk	- 0.00 MiB/s (write) / 0.00 MiB/s (read)
[PROGRESS] INFO: = Progress: 24.61 186956372/759639055, Running for: 00:00:35, ETA: 00:01:49
[PROGRESS] INFO: = Downloaded: 131.71 MiB, Written: 178.30 MiB
[PROGRESS] INFO:  + Download	- 0.50 MiB/s (raw) / 0.50 MiB/s (decompressed)
[PROGRESS] INFO:  + Disk	- 0.00 MiB/s (write) / 0.00 MiB/s (read)
[PROGRESS] INFO: = Progress: 24.61 186956372/759639055, Running for: 00:00:36, ETA: 00:01:52
[PROGRESS] INFO: = Downloaded: 131.71 MiB, Written: 178.30 MiB
[PROGRESS] INFO:  + Download	- 0.50 MiB/s (raw) / 0.50 MiB/s (decompressed)
[PROGRESS] INFO:  + Disk	- 0.00 MiB/s (write) / 0.00 MiB/s (read)
[PROGRESS] INFO: = Progress: 24.61 186956372/759639055, Running for: 00:00:37, ETA: 00:01:55
[PROGRESS] INFO: = Downloaded: 171.71 MiB, Written: 178.30 MiB
[PROGRESS] INFO:  + Download	- 0.50 MiB/s (raw) / 0.50 MiB/s (decompressed)
[PROGRESS] INFO:  + Disk	- 0.00 MiB/s (write) / 0.00 MiB/s (read)
[PROGRESS] INFO: = Progress: 35.65 270842452/759639055, Running for: 00:00:39, ETA: 00:01:10
[PROGRESS] INFO: = Downloaded: 191.71 MiB, Written: 258.30 MiB
[PROGRESS] INFO:  + Download	- 31.35 MiB/s (raw) / 31.35 MiB/s (decompressed)
[PROGRESS] INFO:  + Disk	- 61.92 MiB/s (write) / 0.00 MiB/s (read)
[PROGRESS] INFO: = Progress: 35.65 270842452/759639055, Running for: 00:00:40, ETA: 00:01:12
[PROGRESS] INFO: = Downloaded: 191.71 MiB, Written: 258.30 MiB
[PROGRESS] INFO:  + Download	- 0.50 MiB/s (raw) / 0.50 MiB/s (decompressed)
[PROGRESS] INFO:  + Disk	- 0.00 MiB/s (write) / 0.00 MiB/s (read)
[PROGRESS] INFO: = Progress: 35.65 270842452/759639055, Running for: 00:00:41, ETA: 00:01:14
[PROGRESS] INFO: = Downloaded: 196.34 MiB, Written: 258.30 MiB
[PROGRESS] INFO:  + Download	- 0.50 MiB/s (raw) / 0.50 MiB/s (decompressed)
[PROGRESS] INFO:  + Disk	- 0.00 MiB/s (write) / 0.00 MiB/s (read)
[PROGRESS] INFO: = Progress: 35.65 270842452/759639055, Running for: 00:00:42, ETA: 00:01:16
[PROGRESS] INFO: = Downloaded: 196.34 MiB, Written: 258.30 MiB
[PROGRESS] INFO:  + Download	- 0.50 MiB/s (raw) / 0.50 MiB/s (decompressed)
[PROGRESS] INFO:  + Disk	- 0.00 MiB/s (write) / 0.00 MiB/s (read)
[PROGRESS] INFO: = Progress: 35.65 270842452/759639055, Running for: 00:00:43, ETA: 00:01:17
[PROGRESS] INFO: = Downloaded: 196.34 MiB, Written: 258.30 MiB
[PROGRESS] INFO:  + Download	- 0.50 MiB/s (raw) / 0.50 MiB/s (decompressed)
[PROGRESS] INFO:  + Disk	- 0.00 MiB/s (write) / 0.00 MiB/s (read)
[PROGRESS] INFO: = Progress: 39.05 296674562/759639055, Running for: 00:00:44, ETA: 00:01:08
[PROGRESS] INFO: = Downloaded: 216.34 MiB, Written: 282.93 MiB
[PROGRESS] INFO:  + Download	- 21.93 MiB/s (raw) / 21.93 MiB/s (decompressed)
[PROGRESS] INFO:  + Disk	- 48.06 MiB/s (write) / 19.94 MiB/s (read)
[PROGRESS] INFO: = Progress: 39.05 296674562/759639055, Running for: 00:00:45, ETA: 00:01:10
[PROGRESS] INFO: = Downloaded: 216.34 MiB, Written: 282.93 MiB
[PROGRESS] INFO:  + Download	- 22.83 MiB/s (raw) / 22.83 MiB/s (decompressed)
[PROGRESS] INFO:  + Disk	- 54.94 MiB/s (write) / 46.29 MiB/s (read)
[PROGRESS] INFO: = Progress: 41.74 317079941/759639055, Running for: 00:00:46, ETA: 00:01:04
[PROGRESS] INFO: = Downloaded: 216.34 MiB, Written: 302.39 MiB
[PROGRESS] INFO:  + Download	- 5.54 MiB/s (raw) / 5.54 MiB/s (decompressed)
[PROGRESS] INFO:  + Disk	- 13.18 MiB/s (write) / 11.08 MiB/s (read)
[PROGRESS] INFO: = Progress: 41.74 317079941/759639055, Running for: 00:00:47, ETA: 00:01:06
[PROGRESS] INFO: = Downloaded: 225.53 MiB, Written: 302.39 MiB
[PROGRESS] INFO:  + Download	- 5.95 MiB/s (raw) / 5.95 MiB/s (decompressed)
[PROGRESS] INFO:  + Disk	- 14.86 MiB/s (write) / 12.49 MiB/s (read)
[PROGRESS] INFO: = Progress: 41.74 317079941/759639055, Running for: 00:00:49, ETA: 00:01:08
[PROGRESS] INFO: = Downloaded: 225.53 MiB, Written: 302.39 MiB
[PROGRESS] INFO:  + Download	- 2.45 MiB/s (raw) / 2.45 MiB/s (decompressed)
[PROGRESS] INFO:  + Disk	- 4.29 MiB/s (write) / 3.61 MiB/s (read)
[PROGRESS] INFO: = Progress: 41.74 317079941/759639055, Running for: 00:00:50, ETA: 00:01:10
[PROGRESS] INFO: = Downloaded: 225.53 MiB, Written: 302.39 MiB
[PROGRESS] INFO:  + Download	- 0.50 MiB/s (raw) / 0.50 MiB/s (decompressed)
[PROGRESS] INFO:  + Disk	- 0.00 MiB/s (write) / 0.00 MiB/s (read)
[PROGRESS] INFO: = Progress: 44.50 338051461/759639055, Running for: 00:00:52, ETA: 00:01:05
[PROGRESS] INFO: = Downloaded: 245.53 MiB, Written: 322.39 MiB
[PROGRESS] INFO:  + Download	- 5.52 MiB/s (raw) / 5.52 MiB/s (decompressed)
[PROGRESS] INFO:  + Disk	- 10.51 MiB/s (write) / 0.00 MiB/s (read)
[PROGRESS] INFO: = Progress: 44.50 338051461/759639055, Running for: 00:00:53, ETA: 00:01:06
[PROGRESS] INFO: = Downloaded: 245.53 MiB, Written: 322.39 MiB
[PROGRESS] INFO:  + Download	- 0.50 MiB/s (raw) / 0.50 MiB/s (decompressed)
[PROGRESS] INFO:  + Disk	- 0.00 MiB/s (write) / 0.00 MiB/s (read)
[PROGRESS] INFO: = Progress: 44.50 338051461/759639055, Running for: 00:00:54, ETA: 00:01:07
[PROGRESS] INFO: = Downloaded: 245.53 MiB, Written: 322.39 MiB
[PROGRESS] INFO:  + Download	- 0.50 MiB/s (raw) / 0.50 MiB/s (decompressed)
[PROGRESS] INFO:  + Disk	- 0.00 MiB/s (write) / 0.00 MiB/s (read)
[PROGRESS] INFO: = Progress: 44.50 338051461/759639055, Running for: 00:00:55, ETA: 00:01:08
[PROGRESS] INFO: = Downloaded: 245.53 MiB, Written: 322.39 MiB
[PROGRESS] INFO:  + Download	- 0.50 MiB/s (raw) / 0.50 MiB/s (decompressed)
[PROGRESS] INFO:  + Disk	- 0.00 MiB/s (write) / 0.00 MiB/s (read)
[PROGRESS] INFO: = Progress: 44.50 338051461/759639055, Running for: 00:00:56, ETA: 00:01:10
[PROGRESS] INFO: = Downloaded: 245.53 MiB, Written: 322.39 MiB
[PROGRESS] INFO:  + Download	- 0.50 MiB/s (raw) / 0.50 MiB/s (decompressed)
[PROGRESS] INFO:  + Disk	- 0.00 MiB/s (write) / 0.00 MiB/s (read)
[PROGRESS] INFO: = Progress: 48.53 368662145/759639055, Running for: 00:00:57, ETA: 00:01:00
[PROGRESS] INFO: = Downloaded: 265.53 MiB, Written: 351.58 MiB
[PROGRESS] INFO:  + Download	- 12.91 MiB/s (raw) / 12.91 MiB/s (decompressed)
[PROGRESS] INFO:  + Disk	- 27.52 MiB/s (write) / 2.35 MiB/s (read)
[PROGRESS] INFO: = Progress: 56.17 426724805/759639055, Running for: 00:00:58, ETA: 00:00:45
[PROGRESS] INFO: = Downloaded: 285.53 MiB, Written: 406.96 MiB
[PROGRESS] INFO:  + Download	- 23.47 MiB/s (raw) / 23.47 MiB/s (decompressed)
[PROGRESS] INFO:  + Disk	- 73.40 MiB/s (write) / 38.71 MiB/s (read)
[PROGRESS] INFO: = Progress: 56.17 426724805/759639055, Running for: 00:01:00, ETA: 00:00:47
[PROGRESS] INFO: = Downloaded: 305.53 MiB, Written: 406.96 MiB
[PROGRESS] INFO:  + Download	- 2.82 MiB/s (raw) / 2.82 MiB/s (decompressed)
[PROGRESS] INFO:  + Disk	- 5.18 MiB/s (write) / 0.00 MiB/s (read)
[PROGRESS] INFO: = Progress: 56.17 426724805/759639055, Running for: 00:01:01, ETA: 00:00:48
[PROGRESS] INFO: = Downloaded: 305.53 MiB, Written: 406.96 MiB
[PROGRESS] INFO:  + Download	- 0.50 MiB/s (raw) / 0.50 MiB/s (decompressed)
[PROGRESS] INFO:  + Disk	- 0.00 MiB/s (write) / 0.00 MiB/s (read)
[PROGRESS] INFO: = Progress: 56.17 426724805/759639055, Running for: 00:01:02, ETA: 00:00:48
[PROGRESS] INFO: = Downloaded: 305.53 MiB, Written: 406.96 MiB
[PROGRESS] INFO:  + Download	- 0.50 MiB/s (raw) / 0.50 MiB/s (decompressed)
[PROGRESS] INFO:  + Disk	- 0.00 MiB/s (write) / 0.00 MiB/s (read)
[PROGRESS] INFO: = Progress: 56.17 426724805/759639055, Running for: 00:01:03, ETA: 00:00:49
[PROGRESS] INFO: = Downloaded: 305.53 MiB, Written: 406.96 MiB
[PROGRESS] INFO:  + Download	- 0.50 MiB/s (raw) / 0.50 MiB/s (decompressed)
[PROGRESS] INFO:  + Disk	- 0.00 MiB/s (write) / 0.00 MiB/s (read)
[PROGRESS] INFO: = Progress: 56.17 426724805/759639055, Running for: 00:01:04, ETA: 00:00:50
[PROGRESS] INFO: = Downloaded: 305.53 MiB, Written: 406.96 MiB
[PROGRESS] INFO:  + Download	- 0.50 MiB/s (raw) / 0.50 MiB/s (decompressed)
[PROGRESS] INFO:  + Disk	- 0.00 MiB/s (write) / 0.00 MiB/s (read)
[PROGRESS] INFO: = Progress: 56.17 426724805/759639055, Running for: 00:01:05, ETA: 00:00:51
[PROGRESS] INFO: = Downloaded: 305.53 MiB, Written: 406.96 MiB
[PROGRESS] INFO:  + Download	- 0.50 MiB/s (raw) / 0.50 MiB/s (decompressed)
[PROGRESS] INFO:  + Disk	- 0.00 MiB/s (write) / 0.00 MiB/s (read)
[PROGRESS] INFO: = Progress: 61.70 468667845/759639055, Running for: 00:01:07, ETA: 00:00:41
[PROGRESS] INFO: = Downloaded: 325.53 MiB, Written: 446.96 MiB
[PROGRESS] INFO:  + Download	- 13.14 MiB/s (raw) / 13.14 MiB/s (decompressed)
[PROGRESS] INFO:  + Disk	- 25.63 MiB/s (write) / 0.00 MiB/s (read)
[PROGRESS] INFO: = Progress: 61.70 468667845/759639055, Running for: 00:01:08, ETA: 00:00:42
[PROGRESS] INFO: = Downloaded: 325.53 MiB, Written: 446.96 MiB
[PROGRESS] INFO:  + Download	- 0.50 MiB/s (raw) / 0.50 MiB/s (decompressed)
[PROGRESS] INFO:  + Disk	- 0.00 MiB/s (write) / 0.00 MiB/s (read)
[PROGRESS] INFO: = Progress: 61.70 468667845/759639055, Running for: 00:01:09, ETA: 00:00:43
[PROGRESS] INFO: = Downloaded: 345.53 MiB, Written: 446.96 MiB
[PROGRESS] INFO:  + Download	- 0.50 MiB/s (raw) / 0.50 MiB/s (decompressed)
[PROGRESS] INFO:  + Disk	- 0.00 MiB/s (write) / 0.00 MiB/s (read)
[PROGRESS] INFO: = Progress: 61.70 468667845/759639055, Running for: 00:01:10, ETA: 00:00:43
[PROGRESS] INFO: = Downloaded: 345.53 MiB, Written: 446.96 MiB
[PROGRESS] INFO:  + Download	- 0.50 MiB/s (raw) / 0.50 MiB/s (decompressed)
[PROGRESS] INFO:  + Disk	- 0.00 MiB/s (write) / 0.00 MiB/s (read)
[PROGRESS] INFO: = Progress: 61.70 468667845/759639055, Running for: 00:01:11, ETA: 00:00:44
[PROGRESS] INFO: = Downloaded: 345.53 MiB, Written: 446.96 MiB
[PROGRESS] INFO:  + Download	- 0.50 MiB/s (raw) / 0.50 MiB/s (decompressed)
[PROGRESS] INFO:  + Disk	- 0.00 MiB/s (write) / 0.00 MiB/s (read)
[PROGRESS] INFO: = Progress: 61.70 468667845/759639055, Running for: 00:01:12, ETA: 00:00:44
[PROGRESS] INFO: = Downloaded: 345.53 MiB, Written: 446.96 MiB
[PROGRESS] INFO:  + Download	- 0.50 MiB/s (raw) / 0.50 MiB/s (decompressed)
[PROGRESS] INFO:  + Disk	- 0.00 MiB/s (write) / 0.00 MiB/s (read)
[PROGRESS] INFO: = Progress: 61.70 468667845/759639055, Running for: 00:01:13, ETA: 00:00:45
[PROGRESS] INFO: = Downloaded: 365.53 MiB, Written: 446.96 MiB
[PROGRESS] INFO:  + Download	- 0.50 MiB/s (raw) / 0.50 MiB/s (decompressed)
[PROGRESS] INFO:  + Disk	- 0.00 MiB/s (write) / 0.00 MiB/s (read)
[PROGRESS] INFO: = Progress: 61.70 468667845/759639055, Running for: 00:01:14, ETA: 00:00:46
[PROGRESS] INFO: = Downloaded: 365.53 MiB, Written: 446.96 MiB
[PROGRESS] INFO:  + Download	- 0.50 MiB/s (raw) / 0.50 MiB/s (decompressed)
[PROGRESS] INFO:  + Disk	- 0.00 MiB/s (write) / 0.00 MiB/s (read)
[PROGRESS] INFO: = Progress: 61.70 468667845/759639055, Running for: 00:01:15, ETA: 00:00:46
[PROGRESS] INFO: = Downloaded: 365.53 MiB, Written: 446.96 MiB
[PROGRESS] INFO:  + Download	- 0.50 MiB/s (raw) / 0.50 MiB/s (decompressed)
[PROGRESS] INFO:  + Disk	- 0.00 MiB/s (write) / 0.00 MiB/s (read)
[PROGRESS] INFO: = Progress: 61.70 468667845/759639055, Running for: 00:01:16, ETA: 00:00:47
[PROGRESS] INFO: = Downloaded: 365.53 MiB, Written: 446.96 MiB
[PROGRESS] INFO:  + Download	- 0.50 MiB/s (raw) / 0.50 MiB/s (decompressed)
[PROGRESS] INFO:  + Disk	- 0.00 MiB/s (write) / 0.00 MiB/s (read)
[PROGRESS] INFO: = Progress: 61.70 468667845/759639055, Running for: 00:01:17, ETA: 00:00:48
[PROGRESS] INFO: = Downloaded: 365.53 MiB, Written: 446.96 MiB
[PROGRESS] INFO:  + Download	- 0.50 MiB/s (raw) / 0.50 MiB/s (decompressed)
[PROGRESS] INFO:  + Disk	- 0.00 MiB/s (write) / 0.00 MiB/s (read)
[PROGRESS] INFO: = Progress: 69.98 531582405/759639055, Running for: 00:01:19, ETA: 00:00:33
[PROGRESS] INFO: = Downloaded: 385.53 MiB, Written: 506.96 MiB
[PROGRESS] INFO:  + Download	- 16.85 MiB/s (raw) / 16.85 MiB/s (decompressed)
[PROGRESS] INFO:  + Disk	- 33.14 MiB/s (write) / 0.00 MiB/s (read)
[PROGRESS] INFO: = Progress: 69.98 531582405/759639055, Running for: 00:01:20, ETA: 00:00:34
[PROGRESS] INFO: = Downloaded: 385.53 MiB, Written: 506.96 MiB
[PROGRESS] INFO:  + Download	- 0.50 MiB/s (raw) / 0.50 MiB/s (decompressed)
[PROGRESS] INFO:  + Disk	- 0.00 MiB/s (write) / 0.00 MiB/s (read)
[PROGRESS] INFO: = Progress: 69.98 531582405/759639055, Running for: 00:01:21, ETA: 00:00:34
[PROGRESS] INFO: = Downloaded: 405.53 MiB, Written: 506.96 MiB
[PROGRESS] INFO:  + Download	- 0.50 MiB/s (raw) / 0.50 MiB/s (decompressed)
[PROGRESS] INFO:  + Disk	- 0.00 MiB/s (write) / 0.00 MiB/s (read)
[PROGRESS] INFO: = Progress: 75.50 573525445/759639055, Running for: 00:01:23, ETA: 00:00:26
[PROGRESS] INFO: = Downloaded: 425.53 MiB, Written: 546.96 MiB
[PROGRESS] INFO:  + Download	- 11.01 MiB/s (raw) / 11.01 MiB/s (decompressed)
[PROGRESS] INFO:  + Disk	- 21.47 MiB/s (write) / 0.00 MiB/s (read)
[PROGRESS] INFO: = Progress: 75.50 573525445/759639055, Running for: 00:01:24, ETA: 00:00:27
[PROGRESS] INFO: = Downloaded: 425.53 MiB, Written: 546.96 MiB
[PROGRESS] INFO:  + Download	- 0.50 MiB/s (raw) / 0.50 MiB/s (decompressed)
[PROGRESS] INFO:  + Disk	- 0.00 MiB/s (write) / 0.00 MiB/s (read)
[PROGRESS] INFO: = Progress: 75.50 573525445/759639055, Running for: 00:01:25, ETA: 00:00:27
[PROGRESS] INFO: = Downloaded: 425.53 MiB, Written: 546.96 MiB
[PROGRESS] INFO:  + Download	- 0.50 MiB/s (raw) / 0.50 MiB/s (decompressed)
[PROGRESS] INFO:  + Disk	- 0.00 MiB/s (write) / 0.00 MiB/s (read)
[PROGRESS] INFO: = Progress: 75.50 573525445/759639055, Running for: 00:01:26, ETA: 00:00:27
[PROGRESS] INFO: = Downloaded: 425.53 MiB, Written: 546.96 MiB
[PROGRESS] INFO:  + Download	- 0.50 MiB/s (raw) / 0.50 MiB/s (decompressed)
[PROGRESS] INFO:  + Disk	- 0.00 MiB/s (write) / 0.00 MiB/s (read)
[PROGRESS] INFO: = Progress: 75.50 573525445/759639055, Running for: 00:01:27, ETA: 00:00:28
[PROGRESS] INFO: = Downloaded: 445.53 MiB, Written: 546.96 MiB
[PROGRESS] INFO:  + Download	- 1.00 MiB/s (raw) / 1.00 MiB/s (decompressed)
[PROGRESS] INFO:  + Disk	- 2.00 MiB/s (write) / 0.00 MiB/s (read)
[PROGRESS] INFO: = Progress: 78.26 594496965/759639055, Running for: 00:01:28, ETA: 00:00:24
[PROGRESS] INFO: = Downloaded: 445.71 MiB, Written: 566.96 MiB
[PROGRESS] INFO:  + Download	- 9.26 MiB/s (raw) / 9.26 MiB/s (decompressed)
[PROGRESS] INFO:  + Disk	- 17.55 MiB/s (write) / 0.00 MiB/s (read)
[PROGRESS] INFO: = Progress: 78.26 594496965/759639055, Running for: 00:01:29, ETA: 00:00:24
[PROGRESS] INFO: = Downloaded: 446.40 MiB, Written: 566.96 MiB
[PROGRESS] INFO:  + Download	- 0.50 MiB/s (raw) / 0.50 MiB/s (decompressed)
[PROGRESS] INFO:  + Disk	- 0.00 MiB/s (write) / 0.00 MiB/s (read)
[PROGRESS] INFO: = Progress: 78.26 594496965/759639055, Running for: 00:01:30, ETA: 00:00:25
[PROGRESS] INFO: = Downloaded: 446.64 MiB, Written: 566.96 MiB
[PROGRESS] INFO:  + Download	- 0.50 MiB/s (raw) / 0.50 MiB/s (decompressed)
[PROGRESS] INFO:  + Disk	- 0.00 MiB/s (write) / 0.00 MiB/s (read)
[PROGRESS] INFO: = Progress: 78.26 594496965/759639055, Running for: 00:01:31, ETA: 00:00:25
[PROGRESS] INFO: = Downloaded: 460.84 MiB, Written: 566.96 MiB
[PROGRESS] INFO:  + Download	- 0.50 MiB/s (raw) / 0.50 MiB/s (decompressed)
[PROGRESS] INFO:  + Disk	- 0.00 MiB/s (write) / 0.00 MiB/s (read)
[PROGRESS] INFO: = Progress: 78.26 594496965/759639055, Running for: 00:01:32, ETA: 00:00:25
[PROGRESS] INFO: = Downloaded: 462.70 MiB, Written: 566.96 MiB
[PROGRESS] INFO:  + Download	- 0.50 MiB/s (raw) / 0.50 MiB/s (decompressed)
[PROGRESS] INFO:  + Disk	- 0.00 MiB/s (write) / 0.00 MiB/s (read)
[PROGRESS] INFO: = Progress: 78.26 594496965/759639055, Running for: 00:01:33, ETA: 00:00:25
[PROGRESS] INFO: = Downloaded: 463.08 MiB, Written: 566.96 MiB
[PROGRESS] INFO:  + Download	- 0.50 MiB/s (raw) / 0.50 MiB/s (decompressed)
[PROGRESS] INFO:  + Disk	- 0.00 MiB/s (write) / 0.00 MiB/s (read)
[PROGRESS] INFO: = Progress: 78.26 594496965/759639055, Running for: 00:01:34, ETA: 00:00:26
[PROGRESS] INFO: = Downloaded: 483.66 MiB, Written: 566.96 MiB
[PROGRESS] INFO:  + Download	- 0.50 MiB/s (raw) / 0.50 MiB/s (decompressed)
[PROGRESS] INFO:  + Disk	- 0.00 MiB/s (write) / 0.00 MiB/s (read)
[PROGRESS] INFO: = Progress: 78.26 594496965/759639055, Running for: 00:01:35, ETA: 00:00:26
[PROGRESS] INFO: = Downloaded: 485.02 MiB, Written: 566.96 MiB
[PROGRESS] INFO:  + Download	- 0.50 MiB/s (raw) / 0.50 MiB/s (decompressed)
[PROGRESS] INFO:  + Disk	- 0.00 MiB/s (write) / 0.00 MiB/s (read)
[PROGRESS] INFO: = Progress: 85.74 651326199/759639055, Running for: 00:01:36, ETA: 00:00:16
[PROGRESS] INFO: = Downloaded: 518.97 MiB, Written: 621.15 MiB
[PROGRESS] INFO:  + Download	- 20.91 MiB/s (raw) / 20.91 MiB/s (decompressed)
[PROGRESS] INFO:  + Disk	- 41.31 MiB/s (write) / 0.75 MiB/s (read)
[PROGRESS] INFO: = Progress: 85.74 651326199/759639055, Running for: 00:01:37, ETA: 00:00:16
[PROGRESS] INFO: = Downloaded: 518.97 MiB, Written: 621.15 MiB
[PROGRESS] INFO:  + Download	- 10.95 MiB/s (raw) / 10.95 MiB/s (decompressed)
[PROGRESS] INFO:  + Disk	- 24.01 MiB/s (write) / 21.90 MiB/s (read)
[PROGRESS] INFO: = Progress: 85.74 651326199/759639055, Running for: 00:01:38, ETA: 00:00:16
[PROGRESS] INFO: = Downloaded: 518.97 MiB, Written: 621.15 MiB
[PROGRESS] INFO:  + Download	- 28.15 MiB/s (raw) / 28.15 MiB/s (decompressed)
[PROGRESS] INFO:  + Disk	- 73.99 MiB/s (write) / 69.63 MiB/s (read)
[PROGRESS] INFO: = Progress: 87.90 667684871/759639055, Running for: 00:01:40, ETA: 00:00:13
[PROGRESS] INFO: = Downloaded: 518.97 MiB, Written: 636.75 MiB
[PROGRESS] INFO:  + Download	- 18.49 MiB/s (raw) / 18.49 MiB/s (decompressed)
[PROGRESS] INFO:  + Disk	- 59.56 MiB/s (write) / 56.14 MiB/s (read)
[PROGRESS] INFO: = Progress: 93.44 709776677/759639055, Running for: 00:01:41, ETA: 00:00:07
[PROGRESS] INFO: = Downloaded: 520.87 MiB, Written: 676.90 MiB
[PROGRESS] INFO:  + Download	- 1.88 MiB/s (raw) / 1.88 MiB/s (decompressed)
[PROGRESS] INFO:  + Disk	- 18.05 MiB/s (write) / 16.93 MiB/s (read)
[PROGRESS] INFO: = Progress: 95.09 722331190/759639055, Running for: 00:01:42, ETA: 00:00:05
[PROGRESS] INFO: = Downloaded: 524.11 MiB, Written: 688.87 MiB
[PROGRESS] INFO:  + Download	- 5.14 MiB/s (raw) / 5.14 MiB/s (decompressed)
[PROGRESS] INFO:  + Disk	- 22.74 MiB/s (write) / 21.68 MiB/s (read)
[PROGRESS] INFO: = Progress: 95.09 722331190/759639055, Running for: 00:01:43, ETA: 00:00:05
[PROGRESS] INFO: = Downloaded: 524.11 MiB, Written: 688.87 MiB
[PROGRESS] INFO:  + Download	- 5.58 MiB/s (raw) / 5.58 MiB/s (decompressed)
[PROGRESS] INFO:  + Disk	- 5.45 MiB/s (write) / 4.97 MiB/s (read)
Exception in thread Thread-4:
Traceback (most recent call last):
  File "threading.py", line 980, in _bootstrap_inner
  File "threading.py", line 917, in run
  File "gogdl/dl/progressbar.py", line 44, in loop
  File "multiprocessing/queues.py", line 100, in get
ValueError: Queue <multiprocessing.queues.Queue object at 0x7b95fb0a1310> is closed
