[API] INFO: Getting Dependencies repository
(95.97926616668701, 'MB') 100641555
(98.16260814666748, 'MB') 102930955
[PROGRESS] INFO: = Progress: 0.00 0/102930955, Running for: 00:00:00, ETA: 00:00:00
[PROGRESS] INFO: = Downloaded: 0.00 MiB, Written: 0.00 MiB
[PROGRESS] INFO:  + Download	- 0.00 MiB/s (raw) / 0.00 MiB/s (decompressed)
[PROGRESS] INFO:  + Disk	- 0.00 MiB/s (write) / 0.00 MiB/s (read)
[PROGRESS] INFO: = Progress: 1.62 1672041/102930955, Running for: 00:00:01, ETA: 00:01:26
[PROGRESS] INFO: = Downloaded: 2.77 MiB, Written: 1.59 MiB
[PROGRESS] INFO:  + Download	- 1.13 MiB/s (raw) / 1.14 MiB/s (decompressed)
[PROGRESS] INFO:  + Disk	- 1.14 MiB/s (write) / 0.00 MiB/s (read)
[PROGRESS] INFO: = Progress: 9.97 10259989/102930955, Running for: 00:00:03, ETA: 00:00:27
[PROGRESS] INFO: = Downloaded: 12.15 MiB, Written: 9.78 MiB
[PROGRESS] INFO:  + Download	- 3.53 MiB/s (raw) / 3.54 MiB/s (decompressed)
[PROGRESS] INFO:  + Disk	- 4.97 MiB/s (write) / 0.00 MiB/s (read)
[PROGRESS] INFO: = Progress: 22.54 23201089/102930955, Running for: 00:00:04, ETA: 00:00:14
[PROGRESS] INFO: = Downloaded: 22.66 MiB, Written: 22.13 MiB
[PROGRESS] INFO:  + Download	- 6.61 MiB/s (raw) / 6.63 MiB/s (decompressed)
[PROGRESS] INFO:  + Disk	- 10.69 MiB/s (write) / 0.00 MiB/s (read)
[PROGRESS] INFO: = Progress: 29.81 30682075/102930955, Running for: 00:00:05, ETA: 00:00:12
[PROGRESS] INFO: = Downloaded: 29.51 MiB, Written: 29.26 MiB
[PROGRESS] INFO:  + Download	- 5.16 MiB/s (raw) / 6.40 MiB/s (decompressed)
[PROGRESS] INFO:  + Disk	- 5.53 MiB/s (write) / 0.00 MiB/s (read)
[PROGRESS] INFO: = Progress: 36.18 37244884/102930955, Running for: 00:00:06, ETA: 00:00:11
[PROGRESS] INFO: = Downloaded: 35.74 MiB, Written: 35.52 MiB
[PROGRESS] INFO:  + Download	- 3.13 MiB/s (raw) / 3.15 MiB/s (decompressed)
[PROGRESS] INFO:  + Disk	- 5.65 MiB/s (write) / 0.00 MiB/s (read)
[PROGRESS] INFO: = Progress: 43.26 44526367/102930955, Running for: 00:00:08, ETA: 00:00:11
[PROGRESS] INFO: = Downloaded: 44.95 MiB, Written: 42.46 MiB
[PROGRESS] INFO:  + Download	- 2.57 MiB/s (raw) / 2.59 MiB/s (decompressed)
[PROGRESS] INFO:  + Disk	- 3.28 MiB/s (write) / 0.00 MiB/s (read)
[PROGRESS] INFO: = Progress: 52.37 53905765/102930955, Running for: 00:00:09, ETA: 00:00:08
[PROGRESS] INFO: = Downloaded: 51.89 MiB, Written: 51.41 MiB
[PROGRESS] INFO:  + Download	- 5.48 MiB/s (raw) / 5.50 MiB/s (decompressed)
[PROGRESS] INFO:  + Disk	- 8.20 MiB/s (write) / 0.00 MiB/s (read)
[PROGRESS] INFO: = Progress: 61.89 63701953/102930955, Running for: 00:00:10, ETA: 00:00:06
[PROGRESS] INFO: = Downloaded: 59.41 MiB, Written: 60.75 MiB
[PROGRESS] INFO:  + Download	- 4.17 MiB/s (raw) / 4.20 MiB/s (decompressed)
[PROGRESS] INFO:  + Disk	- 8.21 MiB/s (write) / 0.00 MiB/s (read)
[PROGRESS] INFO: = Progress: 63.06 64912217/102930955, Running for: 00:00:11, ETA: 00:00:06
[PROGRESS] INFO: = Downloaded: 62.77 MiB, Written: 61.91 MiB
[PROGRESS] INFO:  + Download	- 0.50 MiB/s (raw) / 0.50 MiB/s (decompressed)
[PROGRESS] INFO:  + Disk	- 1.71 MiB/s (write) / 0.00 MiB/s (read)
[PROGRESS] INFO: = Progress: 70.35 72414588/102930955, Running for: 00:00:13, ETA: 00:00:05
[PROGRESS] INFO: = Downloaded: 69.53 MiB, Written: 69.06 MiB
[PROGRESS] INFO:  + Download	- 4.59 MiB/s (raw) / 4.60 MiB/s (decompressed)
[PROGRESS] INFO:  + Disk	- 4.30 MiB/s (write) / 0.00 MiB/s (read)
[PROGRESS] INFO: = Progress: 77.28 79544947/102930955, Running for: 00:00:14, ETA: 00:00:04
[PROGRESS] INFO: = Downloaded: 76.43 MiB, Written: 75.86 MiB
[PROGRESS] INFO:  + Download	- 4.22 MiB/s (raw) / 4.24 MiB/s (decompressed)
[PROGRESS] INFO:  + Disk	- 6.38 MiB/s (write) / 0.00 MiB/s (read)
[PROGRESS] INFO: = Progress: 86.76 89305331/102930955, Running for: 00:00:16, ETA: 00:00:02
[PROGRESS] INFO: = Downloaded: 85.30 MiB, Written: 85.17 MiB
[PROGRESS] INFO:  + Download	- 5.02 MiB/s (raw) / 5.05 MiB/s (decompressed)
[PROGRESS] INFO:  + Disk	- 6.57 MiB/s (write) / 0.00 MiB/s (read)
[PROGRESS] INFO: = Progress: 92.45 95164020/102930955, Running for: 00:00:17, ETA: 00:00:01
[PROGRESS] INFO: = Downloaded: 90.76 MiB, Written: 90.76 MiB
[PROGRESS] INFO:  + Download	- 2.91 MiB/s (raw) / 2.92 MiB/s (decompressed)
[PROGRESS] INFO:  + Disk	- 4.92 MiB/s (write) / 0.00 MiB/s (read)
[PROGRESS] INFO: = Progress: 100.00 102930955/102930955, Running for: 00:00:18, ETA: 00:00:00
[PROGRESS] INFO: = Downloaded: 95.98 MiB, Written: 98.16 MiB
[PROGRESS] INFO:  + Download	- 2.22 MiB/s (raw) / 2.26 MiB/s (decompressed)
[PROGRESS] INFO:  + Disk	- 3.79 MiB/s (write) / 0.00 MiB/s (read)
